Determining if the pthread_create exist failed with the following output:
Change Dir: /home/itcast/1-Github/Ubuntu18_VMware/WorkSpace/ros_qt_ws/demo01_ws/build/CMakeFiles/CMakeTmp

Run Build Command:"/usr/bin/make" "cmTC_ca1b6/fast"
/usr/bin/make -f CMakeFiles/cmTC_ca1b6.dir/build.make CMakeFiles/cmTC_ca1b6.dir/build
make[1]: 进入目录“/home/itcast/1-Github/Ubuntu18_VMware/WorkSpace/ros_qt_ws/demo01_ws/build/CMakeFiles/CMakeTmp”
Building C object CMakeFiles/cmTC_ca1b6.dir/CheckSymbolExists.c.o
/usr/bin/cc    -o CMakeFiles/cmTC_ca1b6.dir/CheckSymbolExists.c.o   -c /home/itcast/1-Github/Ubuntu18_VMware/WorkSpace/ros_qt_ws/demo01_ws/build/CMakeFiles/CMakeTmp/CheckSymbolExists.c
Linking C executable cmTC_ca1b6
/usr/bin/cmake -E cmake_link_script CMakeFiles/cmTC_ca1b6.dir/link.txt --verbose=1
/usr/bin/cc      -rdynamic CMakeFiles/cmTC_ca1b6.dir/CheckSymbolExists.c.o  -o cmTC_ca1b6 
CMakeFiles/cmTC_ca1b6.dir/CheckSymbolExists.c.o：在函数‘main’中：
CheckSymbolExists.c:(.text+0x1b)：对‘pthread_create’未定义的引用
collect2: error: ld returned 1 exit status
CMakeFiles/cmTC_ca1b6.dir/build.make:97: recipe for target 'cmTC_ca1b6' failed
make[1]: *** [cmTC_ca1b6] Error 1
make[1]: 离开目录“/home/itcast/1-Github/Ubuntu18_VMware/WorkSpace/ros_qt_ws/demo01_ws/build/CMakeFiles/CMakeTmp”
Makefile:126: recipe for target 'cmTC_ca1b6/fast' failed
make: *** [cmTC_ca1b6/fast] Error 2

File /home/itcast/1-Github/Ubuntu18_VMware/WorkSpace/ros_qt_ws/demo01_ws/build/CMakeFiles/CMakeTmp/CheckSymbolExists.c:
/* */
#include <pthread.h>

int main(int argc, char** argv)
{
  (void)argv;
#ifndef pthread_create
  return ((int*)(&pthread_create))[argc];
#else
  (void)argc;
  return 0;
#endif
}

Determining if the function pthread_create exists in the pthreads failed with the following output:
Change Dir: /home/itcast/1-Github/Ubuntu18_VMware/WorkSpace/ros_qt_ws/demo01_ws/build/CMakeFiles/CMakeTmp

Run Build Command:"/usr/bin/make" "cmTC_c8f67/fast"
/usr/bin/make -f CMakeFiles/cmTC_c8f67.dir/build.make CMakeFiles/cmTC_c8f67.dir/build
make[1]: 进入目录“/home/itcast/1-Github/Ubuntu18_VMware/WorkSpace/ros_qt_ws/demo01_ws/build/CMakeFiles/CMakeTmp”
Building C object CMakeFiles/cmTC_c8f67.dir/CheckFunctionExists.c.o
/usr/bin/cc   -DCHECK_FUNCTION_EXISTS=pthread_create   -o CMakeFiles/cmTC_c8f67.dir/CheckFunctionExists.c.o   -c /usr/share/cmake-3.10/Modules/CheckFunctionExists.c
Linking C executable cmTC_c8f67
/usr/bin/cmake -E cmake_link_script CMakeFiles/cmTC_c8f67.dir/link.txt --verbose=1
/usr/bin/cc  -DCHECK_FUNCTION_EXISTS=pthread_create    -rdynamic CMakeFiles/cmTC_c8f67.dir/CheckFunctionExists.c.o  -o cmTC_c8f67 -lpthreads 
/usr/bin/ld: 找不到 -lpthreads
collect2: error: ld returned 1 exit status
CMakeFiles/cmTC_c8f67.dir/build.make:97: recipe for target 'cmTC_c8f67' failed
make[1]: *** [cmTC_c8f67] Error 1
make[1]: 离开目录“/home/itcast/1-Github/Ubuntu18_VMware/WorkSpace/ros_qt_ws/demo01_ws/build/CMakeFiles/CMakeTmp”
Makefile:126: recipe for target 'cmTC_c8f67/fast' failed
make: *** [cmTC_c8f67/fast] Error 2


Determining if the Q_WS_WIN exist failed with the following output:
Change Dir: /home/itcast/1-Github/Ubuntu18_VMware/WorkSpace/ros_qt_ws/demo01_ws/build/CMakeFiles/CMakeTmp

Run Build Command:"/usr/bin/make" "cmTC_d9bd6/fast"
/usr/bin/make -f CMakeFiles/cmTC_d9bd6.dir/build.make CMakeFiles/cmTC_d9bd6.dir/build
make[1]: 进入目录“/home/itcast/1-Github/Ubuntu18_VMware/WorkSpace/ros_qt_ws/demo01_ws/build/CMakeFiles/CMakeTmp”
Building CXX object CMakeFiles/cmTC_d9bd6.dir/CheckSymbolExists.cxx.o
/usr/bin/c++   -I/usr/include/qt4   -o CMakeFiles/cmTC_d9bd6.dir/CheckSymbolExists.cxx.o -c /home/itcast/1-Github/Ubuntu18_VMware/WorkSpace/ros_qt_ws/demo01_ws/build/CMakeFiles/CMakeTmp/CheckSymbolExists.cxx
/home/itcast/1-Github/Ubuntu18_VMware/WorkSpace/ros_qt_ws/demo01_ws/build/CMakeFiles/CMakeTmp/CheckSymbolExists.cxx: In function ‘int main(int, char**)’:
/home/itcast/1-Github/Ubuntu18_VMware/WorkSpace/ros_qt_ws/demo01_ws/build/CMakeFiles/CMakeTmp/CheckSymbolExists.cxx:8:19: error: ‘Q_WS_WIN’ was not declared in this scope
   return ((int*)(&Q_WS_WIN))[argc];
                   ^~~~~~~~
/home/itcast/1-Github/Ubuntu18_VMware/WorkSpace/ros_qt_ws/demo01_ws/build/CMakeFiles/CMakeTmp/CheckSymbolExists.cxx:8:19: note: suggested alternative: ‘Q_WS_X11’
   return ((int*)(&Q_WS_WIN))[argc];
                   ^~~~~~~~
                   Q_WS_X11
CMakeFiles/cmTC_d9bd6.dir/build.make:65: recipe for target 'CMakeFiles/cmTC_d9bd6.dir/CheckSymbolExists.cxx.o' failed
make[1]: *** [CMakeFiles/cmTC_d9bd6.dir/CheckSymbolExists.cxx.o] Error 1
make[1]: 离开目录“/home/itcast/1-Github/Ubuntu18_VMware/WorkSpace/ros_qt_ws/demo01_ws/build/CMakeFiles/CMakeTmp”
Makefile:126: recipe for target 'cmTC_d9bd6/fast' failed
make: *** [cmTC_d9bd6/fast] Error 2

File /home/itcast/1-Github/Ubuntu18_VMware/WorkSpace/ros_qt_ws/demo01_ws/build/CMakeFiles/CMakeTmp/CheckSymbolExists.cxx:
/* */
#include <QtCore/qglobal.h>

int main(int argc, char** argv)
{
  (void)argv;
#ifndef Q_WS_WIN
  return ((int*)(&Q_WS_WIN))[argc];
#else
  (void)argc;
  return 0;
#endif
}

Determining if the Q_WS_QWS exist failed with the following output:
Change Dir: /home/itcast/1-Github/Ubuntu18_VMware/WorkSpace/ros_qt_ws/demo01_ws/build/CMakeFiles/CMakeTmp

Run Build Command:"/usr/bin/make" "cmTC_c7c48/fast"
/usr/bin/make -f CMakeFiles/cmTC_c7c48.dir/build.make CMakeFiles/cmTC_c7c48.dir/build
make[1]: 进入目录“/home/itcast/1-Github/Ubuntu18_VMware/WorkSpace/ros_qt_ws/demo01_ws/build/CMakeFiles/CMakeTmp”
Building CXX object CMakeFiles/cmTC_c7c48.dir/CheckSymbolExists.cxx.o
/usr/bin/c++   -I/usr/include/qt4   -o CMakeFiles/cmTC_c7c48.dir/CheckSymbolExists.cxx.o -c /home/itcast/1-Github/Ubuntu18_VMware/WorkSpace/ros_qt_ws/demo01_ws/build/CMakeFiles/CMakeTmp/CheckSymbolExists.cxx
/home/itcast/1-Github/Ubuntu18_VMware/WorkSpace/ros_qt_ws/demo01_ws/build/CMakeFiles/CMakeTmp/CheckSymbolExists.cxx: In function ‘int main(int, char**)’:
/home/itcast/1-Github/Ubuntu18_VMware/WorkSpace/ros_qt_ws/demo01_ws/build/CMakeFiles/CMakeTmp/CheckSymbolExists.cxx:8:19: error: ‘Q_WS_QWS’ was not declared in this scope
   return ((int*)(&Q_WS_QWS))[argc];
                   ^~~~~~~~
/home/itcast/1-Github/Ubuntu18_VMware/WorkSpace/ros_qt_ws/demo01_ws/build/CMakeFiles/CMakeTmp/CheckSymbolExists.cxx:8:19: note: suggested alternative: ‘Q_WS_X11’
   return ((int*)(&Q_WS_QWS))[argc];
                   ^~~~~~~~
                   Q_WS_X11
CMakeFiles/cmTC_c7c48.dir/build.make:65: recipe for target 'CMakeFiles/cmTC_c7c48.dir/CheckSymbolExists.cxx.o' failed
make[1]: *** [CMakeFiles/cmTC_c7c48.dir/CheckSymbolExists.cxx.o] Error 1
make[1]: 离开目录“/home/itcast/1-Github/Ubuntu18_VMware/WorkSpace/ros_qt_ws/demo01_ws/build/CMakeFiles/CMakeTmp”
Makefile:126: recipe for target 'cmTC_c7c48/fast' failed
make: *** [cmTC_c7c48/fast] Error 2

File /home/itcast/1-Github/Ubuntu18_VMware/WorkSpace/ros_qt_ws/demo01_ws/build/CMakeFiles/CMakeTmp/CheckSymbolExists.cxx:
/* */
#include <QtCore/qglobal.h>

int main(int argc, char** argv)
{
  (void)argv;
#ifndef Q_WS_QWS
  return ((int*)(&Q_WS_QWS))[argc];
#else
  (void)argc;
  return 0;
#endif
}

Determining if the Q_WS_MAC exist failed with the following output:
Change Dir: /home/itcast/1-Github/Ubuntu18_VMware/WorkSpace/ros_qt_ws/demo01_ws/build/CMakeFiles/CMakeTmp

Run Build Command:"/usr/bin/make" "cmTC_2cf1a/fast"
/usr/bin/make -f CMakeFiles/cmTC_2cf1a.dir/build.make CMakeFiles/cmTC_2cf1a.dir/build
make[1]: 进入目录“/home/itcast/1-Github/Ubuntu18_VMware/WorkSpace/ros_qt_ws/demo01_ws/build/CMakeFiles/CMakeTmp”
Building CXX object CMakeFiles/cmTC_2cf1a.dir/CheckSymbolExists.cxx.o
/usr/bin/c++   -I/usr/include/qt4   -o CMakeFiles/cmTC_2cf1a.dir/CheckSymbolExists.cxx.o -c /home/itcast/1-Github/Ubuntu18_VMware/WorkSpace/ros_qt_ws/demo01_ws/build/CMakeFiles/CMakeTmp/CheckSymbolExists.cxx
/home/itcast/1-Github/Ubuntu18_VMware/WorkSpace/ros_qt_ws/demo01_ws/build/CMakeFiles/CMakeTmp/CheckSymbolExists.cxx: In function ‘int main(int, char**)’:
/home/itcast/1-Github/Ubuntu18_VMware/WorkSpace/ros_qt_ws/demo01_ws/build/CMakeFiles/CMakeTmp/CheckSymbolExists.cxx:8:19: error: ‘Q_WS_MAC’ was not declared in this scope
   return ((int*)(&Q_WS_MAC))[argc];
                   ^~~~~~~~
/home/itcast/1-Github/Ubuntu18_VMware/WorkSpace/ros_qt_ws/demo01_ws/build/CMakeFiles/CMakeTmp/CheckSymbolExists.cxx:8:19: note: suggested alternative: ‘Q_WS_X11’
   return ((int*)(&Q_WS_MAC))[argc];
                   ^~~~~~~~
                   Q_WS_X11
CMakeFiles/cmTC_2cf1a.dir/build.make:65: recipe for target 'CMakeFiles/cmTC_2cf1a.dir/CheckSymbolExists.cxx.o' failed
make[1]: *** [CMakeFiles/cmTC_2cf1a.dir/CheckSymbolExists.cxx.o] Error 1
make[1]: 离开目录“/home/itcast/1-Github/Ubuntu18_VMware/WorkSpace/ros_qt_ws/demo01_ws/build/CMakeFiles/CMakeTmp”
Makefile:126: recipe for target 'cmTC_2cf1a/fast' failed
make: *** [cmTC_2cf1a/fast] Error 2

File /home/itcast/1-Github/Ubuntu18_VMware/WorkSpace/ros_qt_ws/demo01_ws/build/CMakeFiles/CMakeTmp/CheckSymbolExists.cxx:
/* */
#include <QtCore/qglobal.h>

int main(int argc, char** argv)
{
  (void)argv;
#ifndef Q_WS_MAC
  return ((int*)(&Q_WS_MAC))[argc];
#else
  (void)argc;
  return 0;
#endif
}

