Determining if the pthread_create exist failed with the following output:
Change Dir: /home/itcast/1-Github/Ubuntu18_VMware/WorkSpace/ros_qt_ws/demo02/build/CMakeFiles/CMakeTmp

Run Build Command:"/usr/bin/make" "cmTC_9b419/fast"
/usr/bin/make -f CMakeFiles/cmTC_9b419.dir/build.make CMakeFiles/cmTC_9b419.dir/build
make[1]: 进入目录“/home/itcast/1-Github/Ubuntu18_VMware/WorkSpace/ros_qt_ws/demo02/build/CMakeFiles/CMakeTmp”
Building C object CMakeFiles/cmTC_9b419.dir/CheckSymbolExists.c.o
/usr/bin/cc    -o CMakeFiles/cmTC_9b419.dir/CheckSymbolExists.c.o   -c /home/itcast/1-Github/Ubuntu18_VMware/WorkSpace/ros_qt_ws/demo02/build/CMakeFiles/CMakeTmp/CheckSymbolExists.c
Linking C executable cmTC_9b419
/usr/bin/cmake -E cmake_link_script CMakeFiles/cmTC_9b419.dir/link.txt --verbose=1
/usr/bin/cc      -rdynamic CMakeFiles/cmTC_9b419.dir/CheckSymbolExists.c.o  -o cmTC_9b419 
CMakeFiles/cmTC_9b419.dir/CheckSymbolExists.c.o：在函数‘main’中：
CheckSymbolExists.c:(.text+0x1b)：对‘pthread_create’未定义的引用
collect2: error: ld returned 1 exit status
CMakeFiles/cmTC_9b419.dir/build.make:97: recipe for target 'cmTC_9b419' failed
make[1]: *** [cmTC_9b419] Error 1
make[1]: 离开目录“/home/itcast/1-Github/Ubuntu18_VMware/WorkSpace/ros_qt_ws/demo02/build/CMakeFiles/CMakeTmp”
Makefile:126: recipe for target 'cmTC_9b419/fast' failed
make: *** [cmTC_9b419/fast] Error 2

File /home/itcast/1-Github/Ubuntu18_VMware/WorkSpace/ros_qt_ws/demo02/build/CMakeFiles/CMakeTmp/CheckSymbolExists.c:
/* */
#include <pthread.h>

int main(int argc, char** argv)
{
  (void)argv;
#ifndef pthread_create
  return ((int*)(&pthread_create))[argc];
#else
  (void)argc;
  return 0;
#endif
}

Determining if the function pthread_create exists in the pthreads failed with the following output:
Change Dir: /home/itcast/1-Github/Ubuntu18_VMware/WorkSpace/ros_qt_ws/demo02/build/CMakeFiles/CMakeTmp

Run Build Command:"/usr/bin/make" "cmTC_676eb/fast"
/usr/bin/make -f CMakeFiles/cmTC_676eb.dir/build.make CMakeFiles/cmTC_676eb.dir/build
make[1]: 进入目录“/home/itcast/1-Github/Ubuntu18_VMware/WorkSpace/ros_qt_ws/demo02/build/CMakeFiles/CMakeTmp”
Building C object CMakeFiles/cmTC_676eb.dir/CheckFunctionExists.c.o
/usr/bin/cc   -DCHECK_FUNCTION_EXISTS=pthread_create   -o CMakeFiles/cmTC_676eb.dir/CheckFunctionExists.c.o   -c /usr/share/cmake-3.10/Modules/CheckFunctionExists.c
Linking C executable cmTC_676eb
/usr/bin/cmake -E cmake_link_script CMakeFiles/cmTC_676eb.dir/link.txt --verbose=1
/usr/bin/cc  -DCHECK_FUNCTION_EXISTS=pthread_create    -rdynamic CMakeFiles/cmTC_676eb.dir/CheckFunctionExists.c.o  -o cmTC_676eb -lpthreads 
/usr/bin/ld: 找不到 -lpthreads
collect2: error: ld returned 1 exit status
CMakeFiles/cmTC_676eb.dir/build.make:97: recipe for target 'cmTC_676eb' failed
make[1]: *** [cmTC_676eb] Error 1
make[1]: 离开目录“/home/itcast/1-Github/Ubuntu18_VMware/WorkSpace/ros_qt_ws/demo02/build/CMakeFiles/CMakeTmp”
Makefile:126: recipe for target 'cmTC_676eb/fast' failed
make: *** [cmTC_676eb/fast] Error 2


